------------------------------------------------------------------
 CA-Realia II Workbench Start Compile Task
    Source File: c:\cawb30\samples\cobol\corso\mesi.cbl
   Options File: c:\cawb30\samples\cobol\corso\mesi.opt
    Working Dir: c:\cawb30\samples\cobol\corso\
------------------------------------------------------------------

=========== Start List of Compile Response File ============ 
 c:\cawb30\samples\cobol\corso\mesi.cbl
 c:\cawb30\samples\cobol\corso\mesi.OBJ
 c:\cawb30\samples\cobol\corso\mesi.LST
=========== End List of Compile Response File ============== 

------------------------------------------------------------------
 Compile of c:\cawb30\samples\cobol\corso\mesi.cbl Successful
------------------------------------------------------------------

------------------------------------------------------------------
 CA-Realia II Workbench Link as EXE Task Summary:
    Source File: c:\cawb30\samples\cobol\corso\mesi.cbl
    Working Dir: c:\cawb30\samples\cobol\corso\
------------------------------------------------------------------

===================== Format of LINK Command  ============= 
= LINK,                                                     
=     (1) FN.obj                                            
=  (Obj's may appear on multiple lines!)                    
=     (2) (/OUT:FN.EXE or FN.DLL),                          
=     (3) (/MAP:FN.MAP (If requested)                       
=     (4) (FN.LIB or (,)), - Lib's may appear on Mult Lines)
============ (1) Start Format OBJ(s) Inputs ==================  
c:\cawb30\samples\cobol\corso\mesi.OBJ        
 
============ (2) Start Format Output Module Name (EXE or DLL)=  
/OUT:c:\cawb30\samples\cobol\corso\mesi.EXE                         
============ (3) Start Format Map Request ====================  
============ (4) Start Format Lib(s) Inputs ==================  
C:\CAWB30\lib\carclw60.lib
 
============ Begin Link Step ================  
Link as EXE 
Microsoft (R) 32-Bit Incremental Linker Version 3.00.5270
Copyright (C) Microsoft Corp 1992-1995. All rights reserved.

c:\cawb30\samples\cobol\corso\mesi.OBJ 
/OUT:c:\cawb30\samples\cobol\corso\mesi.EXE 
C:\CAWB30\lib\carclw60.lib 

------------------------------------------------------------------
 Link of c:\cawb30\samples\cobol\corso\mesi.cbl Successful
------------------------------------------------------------------

