------------------------------------------------------------------
 CA-Realia II Workbench Start Compile Task
    Source File: C:\CAWB30\SAMPLES\COBOL\CORSO\SHELL1.cbl
   Options File: C:\CAWB30\DEFAULT.OPT
    Working Dir: C:\CAWB30\SAMPLES\COBOL\CORSO\
------------------------------------------------------------------

=========== Start List of Compile Response File ============ 
 C:\CAWB30\SAMPLES\COBOL\CORSO\SHELL1.cbl
 C:\CAWB30\SAMPLES\COBOL\CORSO\SHELL1.OBJ
 C:\CAWB30\SAMPLES\COBOL\CORSO\SHELL1.LST
=========== End List of Compile Response File ============== 

------------------------------------------------------------------
 Compile of C:\CAWB30\SAMPLES\COBOL\CORSO\SHELL1.cbl Successful
------------------------------------------------------------------

------------------------------------------------------------------
 CA-Realia II Workbench Link as EXE Task Summary:
    Source File: C:\CAWB30\SAMPLES\COBOL\CORSO\SHELL1.cbl
    Working Dir: C:\CAWB30\SAMPLES\COBOL\CORSO\
------------------------------------------------------------------

===================== Format of LINK Command  ============= 
= LINK,                                                     
=     (1) FN.obj                                            
=  (Obj's may appear on multiple lines!)                    
=     (2) (/OUT:FN.EXE or FN.DLL),                          
=     (3) (/MAP:FN.MAP (If requested)                       
=     (4) (FN.LIB or (,)), - Lib's may appear on Mult Lines)
============ (1) Start Format OBJ(s) Inputs ==================  
C:\CAWB30\SAMPLES\COBOL\CORSO\SHELL1.OBJ        
 
============ (2) Start Format Output Module Name (EXE or DLL)=  
/OUT:C:\CAWB30\SAMPLES\COBOL\CORSO\SHELL1.EXE                         
============ (3) Start Format Map Request ====================  
/MAP:C:\CAWB30\SAMPLES\COBOL\CORSO\SHELL1.MAP                      
============ (4) Start Format Lib(s) Inputs ==================  
C:\CAWB30\lib\carclw60.lib
 
============ Begin Link Step ================  
Link as EXE 
Microsoft (R) 32-Bit Incremental Linker Version 3.00.5270
Copyright (C) Microsoft Corp 1992-1995. All rights reserved.

C:\CAWB30\SAMPLES\COBOL\CORSO\SHELL1.OBJ 
/OUT:C:\CAWB30\SAMPLES\COBOL\CORSO\SHELL1.EXE 
/MAP:C:\CAWB30\SAMPLES\COBOL\CORSO\SHELL1.MAP 
C:\CAWB30\lib\carclw60.lib 

------------------------------------------------------------------
 Link of C:\CAWB30\SAMPLES\COBOL\CORSO\SHELL1.cbl Successful
------------------------------------------------------------------

